0 info it worked if it ends with ok
1 verbose cli [ 'node', '/usr/local/bin/npm', 'install', '-g', 'less' ]
2 info using npm@2.13.0
3 info using node@v0.12.7
4 verbose install initial load of /usr/local/lib/package.json
5 verbose readDependencies loading dependencies from /usr/local/lib/package.json
6 silly cache add args [ 'less', null ]
7 verbose cache add spec less
8 silly cache add parsed spec { raw: 'less',
8 silly cache add   scope: null,
8 silly cache add   name: 'less',
8 silly cache add   rawSpec: '',
8 silly cache add   spec: '*',
8 silly cache add   type: 'range' }
9 silly addNamed less@*
10 verbose addNamed "*" is a valid semver range for less
11 silly addNameRange { name: 'less', range: '*', hasData: false }
12 silly mapToRegistry name less
13 silly mapToRegistry using default registry
14 silly mapToRegistry registry https://registry.npmjs.org/
15 silly mapToRegistry uri https://registry.npmjs.org/less
16 verbose addNameRange registry:https://registry.npmjs.org/less not in flight; fetching
17 verbose request uri https://registry.npmjs.org/less
18 verbose request no auth needed
19 info attempt registry request try #1 at 11:46:11 PM
20 verbose request id 3d94a50be71169b1
21 verbose etag "DLPVXLT2VF42ET78VZ1IT5NOH"
22 http request GET https://registry.npmjs.org/less
23 http 304 https://registry.npmjs.org/less
24 silly get cb [ 304,
24 silly get   { date: 'Mon, 21 Dec 2015 04:46:13 GMT',
24 silly get     via: '1.1 varnish',
24 silly get     'cache-control': 'max-age=300',
24 silly get     etag: '"DLPVXLT2VF42ET78VZ1IT5NOH"',
24 silly get     age: '68',
24 silly get     connection: 'keep-alive',
24 silly get     'x-served-by': 'cache-ord1729-ORD',
24 silly get     'x-cache': 'HIT',
24 silly get     'x-cache-hits': '1',
24 silly get     'x-timer': 'S1450673173.100761,VS0,VE1',
24 silly get     vary: 'Accept' } ]
25 verbose etag https://registry.npmjs.org/less from cache
26 verbose get saving less to /Users/georgezeis/.npm/registry.npmjs.org/less/.cache.json
27 silly addNameRange number 2 { name: 'less', range: '*', hasData: true }
28 silly addNameRange versions [ 'less',
28 silly addNameRange   [ '1.0.10',
28 silly addNameRange     '1.0.11',
28 silly addNameRange     '1.0.14',
28 silly addNameRange     '1.0.18',
28 silly addNameRange     '1.0.19',
28 silly addNameRange     '1.0.21',
28 silly addNameRange     '1.0.32',
28 silly addNameRange     '1.0.36',
28 silly addNameRange     '1.0.5',
28 silly addNameRange     '1.0.40',
28 silly addNameRange     '1.0.41',
28 silly addNameRange     '1.0.44',
28 silly addNameRange     '1.1.0',
28 silly addNameRange     '1.1.1',
28 silly addNameRange     '1.1.2',
28 silly addNameRange     '1.1.4',
28 silly addNameRange     '1.1.5',
28 silly addNameRange     '1.1.6',
28 silly addNameRange     '1.2.0',
28 silly addNameRange     '1.2.1',
28 silly addNameRange     '1.2.2',
28 silly addNameRange     '1.3.0',
28 silly addNameRange     '1.3.1',
28 silly addNameRange     '1.3.2',
28 silly addNameRange     '1.3.3',
28 silly addNameRange     '1.4.0-b1',
28 silly addNameRange     '1.4.0-b2',
28 silly addNameRange     '1.4.0-b3',
28 silly addNameRange     '1.4.0-b4',
28 silly addNameRange     '1.4.0',
28 silly addNameRange     '1.4.1',
28 silly addNameRange     '1.4.2',
28 silly addNameRange     '1.5.0-b1',
28 silly addNameRange     '1.5.0-b2',
28 silly addNameRange     '1.5.0-b3',
28 silly addNameRange     '1.5.0-b4',
28 silly addNameRange     '1.5.0',
28 silly addNameRange     '1.5.1',
28 silly addNameRange     '1.6.0',
28 silly addNameRange     '1.6.1',
28 silly addNameRange     '1.6.2',
28 silly addNameRange     '1.6.3',
28 silly addNameRange     '1.7.0',
28 silly addNameRange     '1.7.1',
28 silly addNameRange     '1.7.3',
28 silly addNameRange     '1.7.4',
28 silly addNameRange     '1.7.5',
28 silly addNameRange     '2.0.0-b1',
28 silly addNameRange     '2.0.0-b2',
28 silly addNameRange     '2.0.0-b3',
28 silly addNameRange     '2.0.0',
28 silly addNameRange     '2.1.0',
28 silly addNameRange     '2.1.1',
28 silly addNameRange     '2.1.2',
28 silly addNameRange     '2.2.0',
28 silly addNameRange     '2.3.0',
28 silly addNameRange     '2.3.1',
28 silly addNameRange     '2.4.0',
28 silly addNameRange     '2.5.0',
28 silly addNameRange     '2.5.1',
28 silly addNameRange     '2.5.2',
28 silly addNameRange     '2.5.3' ] ]
29 silly addNamed less@2.5.3
30 verbose addNamed "2.5.3" is a plain semver version for less
31 silly cache afterAdd less@2.5.3
32 verbose afterAdd /Users/georgezeis/.npm/less/2.5.3/package/package.json not in flight; writing
33 verbose afterAdd /Users/georgezeis/.npm/less/2.5.3/package/package.json written
34 silly install resolved [ { name: 'less',
34 silly install resolved     version: '2.5.3',
34 silly install resolved     description: 'Leaner CSS',
34 silly install resolved     homepage: 'http://lesscss.org',
34 silly install resolved     author: { name: 'Alexis Sellier', email: 'self@cloudhead.net' },
34 silly install resolved     contributors: [ [Object] ],
34 silly install resolved     bugs: { url: 'https://github.com/less/less.js/issues' },
34 silly install resolved     repository: { type: 'git', url: 'git+https://github.com/less/less.js.git' },
34 silly install resolved     license: 'Apache-2.0',
34 silly install resolved     bin: { lessc: './bin/lessc' },
34 silly install resolved     main: 'index',
34 silly install resolved     directories: { test: './test' },
34 silly install resolved     jam: { main: './dist/less.js' },
34 silly install resolved     browser: './dist/less.js',
34 silly install resolved     engines: { node: '>=0.10.0' },
34 silly install resolved     scripts: { test: 'grunt test' },
34 silly install resolved     optionalDependencies:
34 silly install resolved      { errno: '^0.1.1',
34 silly install resolved        'graceful-fs': '^3.0.5',
34 silly install resolved        'image-size': '~0.3.5',
34 silly install resolved        mime: '^1.2.11',
34 silly install resolved        mkdirp: '^0.5.0',
34 silly install resolved        promise: '^6.0.1',
34 silly install resolved        request: '^2.51.0',
34 silly install resolved        'source-map': '^0.4.2' },
34 silly install resolved     devDependencies:
34 silly install resolved      { diff: '^1.0',
34 silly install resolved        grunt: '^0.4.5',
34 silly install resolved        'grunt-contrib-clean': '^0.6.0',
34 silly install resolved        'grunt-contrib-concat': '^0.5.0',
34 silly install resolved        'grunt-contrib-connect': '^0.9.0',
34 silly install resolved        'grunt-contrib-jasmine': '^0.8.2',
34 silly install resolved        'grunt-contrib-jshint': '^0.11.0',
34 silly install resolved        'grunt-contrib-uglify': '^0.8.0',
34 silly install resolved        'grunt-jscs': '^1.6.0',
34 silly install resolved        'grunt-shell': '^1.1.1',
34 silly install resolved        'grunt-browserify': '~3.5.0',
34 silly install resolved        'jit-grunt': '^0.9.1',
34 silly install resolved        'time-grunt': '^1.0.0',
34 silly install resolved        'grunt-saucelabs': '^8.3.2' },
34 silly install resolved     keywords:
34 silly install resolved      [ 'compile less',
34 silly install resolved        'css nesting',
34 silly install resolved        'css variable',
34 silly install resolved        'css',
34 silly install resolved        'gradients css',
34 silly install resolved        'gradients css3',
34 silly install resolved        'less compiler',
34 silly install resolved        'less css',
34 silly install resolved        'less mixins',
34 silly install resolved        'less',
34 silly install resolved        'less.js',
34 silly install resolved        'lesscss',
34 silly install resolved        'mixins',
34 silly install resolved        'nested css',
34 silly install resolved        'parser',
34 silly install resolved        'preprocessor',
34 silly install resolved        'bootstrap css',
34 silly install resolved        'bootstrap less',
34 silly install resolved        'style',
34 silly install resolved        'styles',
34 silly install resolved        'stylesheet',
34 silly install resolved        'variables in css',
34 silly install resolved        'css less' ],
34 silly install resolved     gitHead: '33fa72767e7474f3aedbbff83d8343217c08f58a',
34 silly install resolved     dependencies:
34 silly install resolved      { errno: '^0.1.1',
34 silly install resolved        'graceful-fs': '^3.0.5',
34 silly install resolved        'image-size': '~0.3.5',
34 silly install resolved        mime: '^1.2.11',
34 silly install resolved        mkdirp: '^0.5.0',
34 silly install resolved        promise: '^6.0.1',
34 silly install resolved        request: '^2.51.0',
34 silly install resolved        'source-map': '^0.4.2' },
34 silly install resolved     _id: 'less@2.5.3',
34 silly install resolved     _shasum: '9ff586e8a703515fc18dc99c7bc498d2f3ad4849',
34 silly install resolved     _from: 'less@*',
34 silly install resolved     _npmVersion: '3.3.3',
34 silly install resolved     _nodeVersion: '0.12.2',
34 silly install resolved     _npmUser: { name: 'agatronic', email: 'luke.a.page@gmail.com' },
34 silly install resolved     dist:
34 silly install resolved      { shasum: '9ff586e8a703515fc18dc99c7bc498d2f3ad4849',
34 silly install resolved        tarball: 'http://registry.npmjs.org/less/-/less-2.5.3.tgz' },
34 silly install resolved     maintainers: [ [Object], [Object] ],
34 silly install resolved     _resolved: 'https://registry.npmjs.org/less/-/less-2.5.3.tgz',
34 silly install resolved     readme: 'ERROR: No README data found!' } ]
35 info install less@2.5.3 into /usr/local/lib
36 info installOne less@2.5.3
37 verbose installOne of less to /usr/local/lib not in flight; installing
38 warn locking Error: EACCES, open '/Users/georgezeis/.npm/_locks/less-c2213c903e2e7354.lock'
38 warn locking     at Error (native)
38 warn locking  /Users/georgezeis/.npm/_locks/less-c2213c903e2e7354.lock failed { [Error: EACCES, open '/Users/georgezeis/.npm/_locks/less-c2213c903e2e7354.lock']
38 warn locking   errno: -13,
38 warn locking   code: 'EACCES',
38 warn locking   path: '/Users/georgezeis/.npm/_locks/less-c2213c903e2e7354.lock' }
39 verbose stack Error: Attempt to unlock /usr/local/lib/node_modules/less, which hasn't been locked
39 verbose stack     at unlock (/usr/local/lib/node_modules/npm/lib/utils/locker.js:64:11)
39 verbose stack     at cb (/usr/local/lib/node_modules/npm/lib/install.js:1018:5)
39 verbose stack     at /usr/local/lib/node_modules/npm/lib/install.js:1022:20
39 verbose stack     at /usr/local/lib/node_modules/npm/lib/utils/locker.js:39:7
39 verbose stack     at cb (/usr/local/lib/node_modules/npm/node_modules/lockfile/lockfile.js:149:38)
39 verbose stack     at /usr/local/lib/node_modules/npm/node_modules/lockfile/lockfile.js:177:38
39 verbose stack     at /usr/local/lib/node_modules/npm/node_modules/graceful-fs/graceful-fs.js:230:16
39 verbose stack     at FSReqWrap.oncomplete (fs.js:95:15)
40 verbose cwd /Applications/XAMPP/xamppfiles/htdocs/misc/blackstone_media
41 error Darwin 14.4.0
42 error argv "node" "/usr/local/bin/npm" "install" "-g" "less"
43 error node v0.12.7
44 error npm  v2.13.0
45 error Attempt to unlock /usr/local/lib/node_modules/less, which hasn't been locked
46 error If you need help, you may report this error at:
46 error     <https://github.com/npm/npm/issues>
47 verbose exit [ 1, true ]
